<?xml version="1.0" encoding="UTF-8"?>
<testsuite xmlns:xsi="http://www.w3.org/2001/XMLSchema-instance" xsi:noNamespaceSchemaLocation="https://maven.apache.org/surefire/maven-surefire-plugin/xsd/surefire-test-report.xsd" name="ru.practicum.api.CreateCourierAPITest" time="2.752" tests="10" errors="0" skipped="0" failures="1">
  <properties>
    <property name="gopherProxySet" value="false"/>
    <property name="awt.toolkit" value="sun.lwawt.macosx.LWCToolkit"/>
    <property name="java.specification.version" value="11"/>
    <property name="sun.cpu.isalist" value=""/>
    <property name="sun.jnu.encoding" value="UTF-8"/>
    <property name="java.class.path" value="/Users/okhomiakova/Desktop/Yandex Practicum/QA-Automation-Java/APITesting/Sprint_3/target/test-classes:/Users/okhomiakova/Desktop/Yandex Practicum/QA-Automation-Java/APITesting/Sprint_3/target/classes:/Users/okhomiakova/.m2/repository/junit/junit/4.13.2/junit-4.13.2.jar:/Users/okhomiakova/.m2/repository/org/hamcrest/hamcrest-core/1.3/hamcrest-core-1.3.jar:/Users/okhomiakova/.m2/repository/io/rest-assured/rest-assured/5.1.1/rest-assured-5.1.1.jar:/Users/okhomiakova/.m2/repository/org/apache/groovy/groovy/4.0.1/groovy-4.0.1.jar:/Users/okhomiakova/.m2/repository/org/apache/groovy/groovy-xml/4.0.1/groovy-xml-4.0.1.jar:/Users/okhomiakova/.m2/repository/org/apache/httpcomponents/httpclient/4.5.13/httpclient-4.5.13.jar:/Users/okhomiakova/.m2/repository/org/apache/httpcomponents/httpcore/4.4.13/httpcore-4.4.13.jar:/Users/okhomiakova/.m2/repository/commons-logging/commons-logging/1.2/commons-logging-1.2.jar:/Users/okhomiakova/.m2/repository/commons-codec/commons-codec/1.11/commons-codec-1.11.jar:/Users/okhomiakova/.m2/repository/org/apache/httpcomponents/httpmime/4.5.13/httpmime-4.5.13.jar:/Users/okhomiakova/.m2/repository/org/hamcrest/hamcrest/2.1/hamcrest-2.1.jar:/Users/okhomiakova/.m2/repository/org/ccil/cowan/tagsoup/tagsoup/1.2.1/tagsoup-1.2.1.jar:/Users/okhomiakova/.m2/repository/io/rest-assured/json-path/5.1.1/json-path-5.1.1.jar:/Users/okhomiakova/.m2/repository/org/apache/groovy/groovy-json/4.0.1/groovy-json-4.0.1.jar:/Users/okhomiakova/.m2/repository/io/rest-assured/rest-assured-common/5.1.1/rest-assured-common-5.1.1.jar:/Users/okhomiakova/.m2/repository/io/rest-assured/xml-path/5.1.1/xml-path-5.1.1.jar:/Users/okhomiakova/.m2/repository/org/apache/commons/commons-lang3/3.11/commons-lang3-3.11.jar:/Users/okhomiakova/.m2/repository/io/qameta/allure/allure-junit4/2.18.1/allure-junit4-2.18.1.jar:/Users/okhomiakova/.m2/repository/io/qameta/allure/allure-java-commons/2.18.1/allure-java-commons-2.18.1.jar:/Users/okhomiakova/.m2/repository/io/qameta/allure/allure-model/2.18.1/allure-model-2.18.1.jar:/Users/okhomiakova/.m2/repository/io/qameta/allure/allure-rest-assured/2.18.1/allure-rest-assured-2.18.1.jar:/Users/okhomiakova/.m2/repository/io/qameta/allure/allure-attachments/2.18.1/allure-attachments-2.18.1.jar:/Users/okhomiakova/.m2/repository/org/freemarker/freemarker/2.3.31/freemarker-2.3.31.jar:/Users/okhomiakova/.m2/repository/com/google/code/gson/gson/2.8.9/gson-2.8.9.jar:/Users/okhomiakova/.m2/repository/com/jayway/jsonpath/json-path/2.4.0/json-path-2.4.0.jar:/Users/okhomiakova/.m2/repository/net/minidev/json-smart/2.3/json-smart-2.3.jar:/Users/okhomiakova/.m2/repository/net/minidev/accessors-smart/1.2/accessors-smart-1.2.jar:/Users/okhomiakova/.m2/repository/org/ow2/asm/asm/5.0.4/asm-5.0.4.jar:/Users/okhomiakova/.m2/repository/org/slf4j/slf4j-api/1.7.25/slf4j-api-1.7.25.jar:"/>
    <property name="java.vm.vendor" value="Amazon.com Inc."/>
    <property name="sun.arch.data.model" value="64"/>
    <property name="java.vendor.url" value="https://aws.amazon.com/corretto/"/>
    <property name="user.timezone" value=""/>
    <property name="java.vm.specification.version" value="11"/>
    <property name="os.name" value="Mac OS X"/>
    <property name="sun.java.launcher" value="SUN_STANDARD"/>
    <property name="user.country" value="RU"/>
    <property name="sun.boot.library.path" value="/Library/Java/JavaVirtualMachines/amazon-corretto-11.jdk/Contents/Home/lib"/>
    <property name="sun.java.command" value="/Users/okhomiakova/Desktop/Yandex Practicum/QA-Automation-Java/APITesting/Sprint_3/target/surefire/surefirebooter14306673289527175964.jar /Users/okhomiakova/Desktop/Yandex Practicum/QA-Automation-Java/APITesting/Sprint_3/target/surefire 2022-08-22T00-04-25_880-jvmRun1 surefire11340325951421392540tmp surefire_05610742362698354912tmp"/>
    <property name="http.nonProxyHosts" value="local|*.local|169.254/16|*.169.254/16"/>
    <property name="jdk.debug" value="release"/>
    <property name="surefire.test.class.path" value="/Users/okhomiakova/Desktop/Yandex Practicum/QA-Automation-Java/APITesting/Sprint_3/target/test-classes:/Users/okhomiakova/Desktop/Yandex Practicum/QA-Automation-Java/APITesting/Sprint_3/target/classes:/Users/okhomiakova/.m2/repository/junit/junit/4.13.2/junit-4.13.2.jar:/Users/okhomiakova/.m2/repository/org/hamcrest/hamcrest-core/1.3/hamcrest-core-1.3.jar:/Users/okhomiakova/.m2/repository/io/rest-assured/rest-assured/5.1.1/rest-assured-5.1.1.jar:/Users/okhomiakova/.m2/repository/org/apache/groovy/groovy/4.0.1/groovy-4.0.1.jar:/Users/okhomiakova/.m2/repository/org/apache/groovy/groovy-xml/4.0.1/groovy-xml-4.0.1.jar:/Users/okhomiakova/.m2/repository/org/apache/httpcomponents/httpclient/4.5.13/httpclient-4.5.13.jar:/Users/okhomiakova/.m2/repository/org/apache/httpcomponents/httpcore/4.4.13/httpcore-4.4.13.jar:/Users/okhomiakova/.m2/repository/commons-logging/commons-logging/1.2/commons-logging-1.2.jar:/Users/okhomiakova/.m2/repository/commons-codec/commons-codec/1.11/commons-codec-1.11.jar:/Users/okhomiakova/.m2/repository/org/apache/httpcomponents/httpmime/4.5.13/httpmime-4.5.13.jar:/Users/okhomiakova/.m2/repository/org/hamcrest/hamcrest/2.1/hamcrest-2.1.jar:/Users/okhomiakova/.m2/repository/org/ccil/cowan/tagsoup/tagsoup/1.2.1/tagsoup-1.2.1.jar:/Users/okhomiakova/.m2/repository/io/rest-assured/json-path/5.1.1/json-path-5.1.1.jar:/Users/okhomiakova/.m2/repository/org/apache/groovy/groovy-json/4.0.1/groovy-json-4.0.1.jar:/Users/okhomiakova/.m2/repository/io/rest-assured/rest-assured-common/5.1.1/rest-assured-common-5.1.1.jar:/Users/okhomiakova/.m2/repository/io/rest-assured/xml-path/5.1.1/xml-path-5.1.1.jar:/Users/okhomiakova/.m2/repository/org/apache/commons/commons-lang3/3.11/commons-lang3-3.11.jar:/Users/okhomiakova/.m2/repository/io/qameta/allure/allure-junit4/2.18.1/allure-junit4-2.18.1.jar:/Users/okhomiakova/.m2/repository/io/qameta/allure/allure-java-commons/2.18.1/allure-java-commons-2.18.1.jar:/Users/okhomiakova/.m2/repository/io/qameta/allure/allure-model/2.18.1/allure-model-2.18.1.jar:/Users/okhomiakova/.m2/repository/io/qameta/allure/allure-rest-assured/2.18.1/allure-rest-assured-2.18.1.jar:/Users/okhomiakova/.m2/repository/io/qameta/allure/allure-attachments/2.18.1/allure-attachments-2.18.1.jar:/Users/okhomiakova/.m2/repository/org/freemarker/freemarker/2.3.31/freemarker-2.3.31.jar:/Users/okhomiakova/.m2/repository/com/google/code/gson/gson/2.8.9/gson-2.8.9.jar:/Users/okhomiakova/.m2/repository/com/jayway/jsonpath/json-path/2.4.0/json-path-2.4.0.jar:/Users/okhomiakova/.m2/repository/net/minidev/json-smart/2.3/json-smart-2.3.jar:/Users/okhomiakova/.m2/repository/net/minidev/accessors-smart/1.2/accessors-smart-1.2.jar:/Users/okhomiakova/.m2/repository/org/ow2/asm/asm/5.0.4/asm-5.0.4.jar:/Users/okhomiakova/.m2/repository/org/slf4j/slf4j-api/1.7.25/slf4j-api-1.7.25.jar:"/>
    <property name="sun.cpu.endian" value="little"/>
    <property name="allure.results.directory" value="/Users/okhomiakova/Desktop/Yandex Practicum/QA-Automation-Java/APITesting/Sprint_3/target/allure-results"/>
    <property name="user.home" value="/Users/okhomiakova"/>
    <property name="user.language" value="en"/>
    <property name="java.specification.vendor" value="Oracle Corporation"/>
    <property name="java.version.date" value="2022-02-08"/>
    <property name="java.home" value="/Library/Java/JavaVirtualMachines/amazon-corretto-11.jdk/Contents/Home"/>
    <property name="file.separator" value="/"/>
    <property name="basedir" value="/Users/okhomiakova/Desktop/Yandex Practicum/QA-Automation-Java/APITesting/Sprint_3"/>
    <property name="java.vm.compressedOopsMode" value="Zero based"/>
    <property name="line.separator" value="&#10;"/>
    <property name="java.specification.name" value="Java Platform API Specification"/>
    <property name="java.vm.specification.vendor" value="Oracle Corporation"/>
    <property name="java.awt.graphicsenv" value="sun.awt.CGraphicsEnvironment"/>
    <property name="surefire.real.class.path" value="/Users/okhomiakova/Desktop/Yandex Practicum/QA-Automation-Java/APITesting/Sprint_3/target/surefire/surefirebooter14306673289527175964.jar"/>
    <property name="sun.management.compiler" value="HotSpot 64-Bit Tiered Compilers"/>
    <property name="ftp.nonProxyHosts" value="local|*.local|169.254/16|*.169.254/16"/>
    <property name="java.runtime.version" value="11.0.14.1+10-LTS"/>
    <property name="user.name" value="okhomiakova"/>
    <property name="path.separator" value=":"/>
    <property name="os.version" value="12.0.1"/>
    <property name="java.runtime.name" value="OpenJDK Runtime Environment"/>
    <property name="file.encoding" value="UTF-8"/>
    <property name="java.vm.name" value="OpenJDK 64-Bit Server VM"/>
    <property name="java.vendor.version" value="Corretto-11.0.14.10.1"/>
    <property name="localRepository" value="/Users/okhomiakova/.m2/repository"/>
    <property name="java.vendor.url.bug" value="https://github.com/corretto/corretto-11/issues/"/>
    <property name="java.io.tmpdir" value="/var/folders/jw/_k7k9dyj36d199dfcn26c7dh0000gn/T/"/>
    <property name="idea.version" value="2021.3.2"/>
    <property name="java.version" value="11.0.14.1"/>
    <property name="user.dir" value="/Users/okhomiakova/Desktop/Yandex Practicum/QA-Automation-Java/APITesting/Sprint_3"/>
    <property name="os.arch" value="x86_64"/>
    <property name="java.vm.specification.name" value="Java Virtual Machine Specification"/>
    <property name="java.awt.printerjob" value="sun.lwawt.macosx.CPrinterJob"/>
    <property name="sun.os.patch.level" value="unknown"/>
    <property name="java.library.path" value="/Users/okhomiakova/Library/Java/Extensions:/Library/Java/Extensions:/Network/Library/Java/Extensions:/System/Library/Java/Extensions:/usr/lib/java:."/>
    <property name="java.vm.info" value="mixed mode"/>
    <property name="java.vendor" value="Amazon.com Inc."/>
    <property name="java.vm.version" value="11.0.14.1+10-LTS"/>
    <property name="sun.io.unicode.encoding" value="UnicodeBig"/>
    <property name="java.class.version" value="55.0"/>
    <property name="socksNonProxyHosts" value="local|*.local|169.254/16|*.169.254/16"/>
  </properties>
  <testcase name="createNewCourierWithoutLogin" classname="ru.practicum.api.CreateCourierAPITest" time="0.144"/>
  <testcase name="createNewCourierWithoutPassword" classname="ru.practicum.api.CreateCourierAPITest" time="0.169"/>
  <testcase name="createNewCourierWithAllEmptyFields" classname="ru.practicum.api.CreateCourierAPITest" time="0.13"/>
  <testcase name="createNewCourierWithEmptyLogin" classname="ru.practicum.api.CreateCourierAPITest" time="0.118"/>
  <testcase name="createNewCourierWithCorrectAndSufficientData" classname="ru.practicum.api.CreateCourierAPITest" time="0.42"/>
  <testcase name="createNewCourierWithTakenLogin" classname="ru.practicum.api.CreateCourierAPITest" time="0.145">
    <failure message="1 expectation failed.&#10;JSON path message doesn&apos;t match.&#10;Expected: Этот логин уже используется&#10;  Actual: Этот логин уже используется. Попробуйте другой.&#10;" type="java.lang.AssertionError">java.lang.AssertionError: 
1 expectation failed.
JSON path message doesn't match.
Expected: Этот логин уже используется
  Actual: Этот логин уже используется. Попробуйте другой.

	at ru.practicum.api.CreateCourierAPITest.createNewCourierWithTakenLogin(CreateCourierAPITest.java:139)
</failure>
  </testcase>
  <testcase name="createNewCourierWithEmptyPassword" classname="ru.practicum.api.CreateCourierAPITest" time="0.122"/>
  <testcase name="createNewCourierWithoutFirstName" classname="ru.practicum.api.CreateCourierAPITest" time="0.466"/>
  <testcase name="createNewCourierWithDuplicateData" classname="ru.practicum.api.CreateCourierAPITest" time="0.583"/>
  <testcase name="createNewCourierWithEmptyFirstName" classname="ru.practicum.api.CreateCourierAPITest" time="0.446"/>
</testsuite>